#
# A fatal error has been detected by the Java Runtime Environment:
#
#  SIGSEGV (0xb) at pc=0x00007fd6cca219c3, pid=1691, tid=0x00007fd6ec12b700
#
# JRE version: OpenJDK Runtime Environment (8.0_151-b12) (build 1.8.0_151-8u151-b12-0ubuntu0.16.04.2-b12)
# Java VM: OpenJDK 64-Bit Server VM (25.151-b12 mixed mode linux-amd64 compressed oops)
# Problematic frame:
# C  [libsparksee.so+0x1119c3]  sparksee::gdb::Objects::Iterator()+0x13
#
# Failed to write core dump. Core dumps have been disabled. To enable core dumping, try "ulimit -c unlimited" before starting Java again
#
# If you would like to submit a bug report, please visit:
#   http://bugreport.java.com/bugreport/crash.jsp
# The crash happened outside the Java Virtual Machine in native code.
# See problematic frame for where to report the bug.
#

---------------  T H R E A D  ---------------

Current thread (0x00007fd6e4009800):  JavaThread "main" [_thread_in_native, id=1692, stack(0x00007fd6ec02b000,0x00007fd6ec12c000)]

siginfo: si_signo: 11 (SIGSEGV), si_code: 1 (SEGV_MAPERR), si_addr: 0x0000000000000010

Registers:
RAX=0x00007fd6cc48ec5e, RBX=0x00007fd6e40099e0, RCX=0x00007fd6ec12a5d0, RDX=0x0000000000000000
RSP=0x00007fd6ec12a4e0, RBP=0x00007fd6ec12a5b0, RSI=0x00007fd6ec12a5c0, RDI=0x0000000000000000
R8 =0x00007fd6e42240a0, R9 =0x00007fd6cce84b00, R10=0x00007fd6d5017748, R11=0x00007fd6ead3db50
R12=0x0000000000000000, R13=0x00007fd6d4aabb18, R14=0x00007fd6ec12a5e0, R15=0x00007fd6e4009800
RIP=0x00007fd6cca219c3, EFLAGS=0x0000000000010202, CSGSFS=0x0000000000000033, ERR=0x0000000000000004
  TRAPNO=0x000000000000000e

Top of Stack: (sp=0x00007fd6ec12a4e0)
0x00007fd6ec12a4e0:   00007fd6d4aab060 00007fd6cc4756ab
0x00007fd6ec12a4f0:   00007fd6e4225c50 00007fd6d4aab060
0x00007fd6ec12a500:   00007fd6e40099e0 00007fd6ec12a5b0
0x00007fd6ec12a510:   0000000000000000 00007fd6cc48ec84
0x00007fd6ec12a520:   0000000000000000 0000000000000000
0x00007fd6ec12a530:   0000000000000000 00007fd6d4aabb18
0x00007fd6ec12a540:   00007fd6ec12a5b0 00007fd6d5017774
0x00007fd6ec12a550:   0000000000000000 00007fd6ec12a580
0x00007fd6ec12a560:   00007fd6ec12a5e0 00007fd6d5007ffd
0x00007fd6ec12a570:   00007fd6ec12a570 0000000000000000
0x00007fd6ec12a580:   00007fd6ec12a5e0 00007fd6d4abb378
0x00007fd6ec12a590:   0000000000000000 00007fd6d4aabb18
0x00007fd6ec12a5a0:   0000000000000000 00007fd6ec12a5d0
0x00007fd6ec12a5b0:   00007fd6ec12a628 00007fd6d5007b10
0x00007fd6ec12a5c0:   00000000f0ff8758 00007fd6d5011277
0x00007fd6ec12a5d0:   00000000f111c348 0000000000000000
0x00007fd6ec12a5e0:   00007fd6ec12a638 00007fd6ec12a5e8
0x00007fd6ec12a5f0:   00007fd6d4acfe95 00007fd6ec12a648
0x00007fd6ec12a600:   00007fd6d4ad02e0 0000000000000000
0x00007fd6ec12a610:   00007fd6d4acfeb8 00007fd6ec12a5d0
0x00007fd6ec12a620:   00007fd6ec12a648 00007fd6ec12a690
0x00007fd6ec12a630:   00007fd6d5007d80 0000000000000000
0x00007fd6ec12a640:   0000000000000000 00000000f111c348
0x00007fd6ec12a650:   00007fd6ec12a650 00007fd6d4a990d4
0x00007fd6ec12a660:   00007fd6ec12aa18 00007fd6d4a99580
0x00007fd6ec12a670:   0000000000000000 00007fd6d4a99298
0x00007fd6ec12a680:   00007fd6ec12a648 00007fd6ec12aa18
0x00007fd6ec12a690:   00007fd6ec12aa80 00007fd6d50004e7
0x00007fd6ec12a6a0:   000000000000080b 00000000f1125120
0x00007fd6ec12a6b0:   00000000f1129de8 00000000f1129da8
0x00007fd6ec12a6c0:   00000000f1129d28 0000000000000004
0x00007fd6ec12a6d0:   0000000000000001 00000000f1129e28 

Instructions: (pc=0x00007fd6cca219c3)
0x00007fd6cca219a3:   66 66 66 66 2e 0f 1f 84 00 00 00 00 00 48 89 5c
0x00007fd6cca219b3:   24 e8 48 89 6c 24 f0 4c 89 64 24 f8 48 83 ec 38
0x00007fd6cca219c3:   48 8b 47 10 48 8b 77 08 49 89 fc 48 8b 78 08 e8
0x00007fd6cca219d3:   29 53 fe ff bf 18 00 00 00 48 89 c3 e8 1c 09 fe 

Register to memory mapping:

RAX=0x00007fd6cc48ec5e: Java_com_sparsity_sparkseejavawrapJNI_sparksee_1gdb_1Objects_1iterator+0 in /tmp/.sparkseejava7689890984284145305.LibsDir/libsparkseejavawrap.so at 0x00007fd6cc435000
RBX=0x00007fd6e40099e0 is an unknown value
RCX=0x00007fd6ec12a5d0 is pointing into the stack for thread: 0x00007fd6e4009800
RDX=0x0000000000000000 is an unknown value
RSP=0x00007fd6ec12a4e0 is pointing into the stack for thread: 0x00007fd6e4009800
RBP=0x00007fd6ec12a5b0 is pointing into the stack for thread: 0x00007fd6e4009800
RSI=0x00007fd6ec12a5c0 is pointing into the stack for thread: 0x00007fd6e4009800
RDI=0x0000000000000000 is an unknown value
R8 =0x00007fd6e42240a0 is an unknown value
R9 =0x00007fd6cce84b00: _ZTVN13sparksee_core14PoolPersistentE+0x20 in /tmp/.sparkseejava7689890984284145305.LibsDir/libsparksee.so at 0x00007fd6cc910000
R10=0x00007fd6d5017748 is at code_begin+808 in an Interpreter codelet
method entry point (kind = native)  [0x00007fd6d5017420, 0x00007fd6d5017d20]  2304 bytes
R11=0x00007fd6ead3db50: <offset 0x95cb50> in /usr/lib/jvm/java-8-openjdk-amd64/jre/lib/amd64/server/libjvm.so at 0x00007fd6ea3e1000
R12=0x0000000000000000 is an unknown value
R13={method} {0x00007fd6d4aabb18} 'sparksee_gdb_Objects_iterator' '(JLcom/sparsity/sparksee/gdb/Objects;)J' in 'com/sparsity/sparkseejavawrapJNI'
R14=0x00007fd6ec12a5e0 is pointing into the stack for thread: 0x00007fd6e4009800
R15=0x00007fd6e4009800 is a thread


Stack: [0x00007fd6ec02b000,0x00007fd6ec12c000],  sp=0x00007fd6ec12a4e0,  free space=1021k
Native frames: (J=compiled Java code, j=interpreted, Vv=VM code, C=native code)
C  [libsparksee.so+0x1119c3]  sparksee::gdb::Objects::Iterator()+0x13
j  com.sparsity.sparksee.gdb.Objects.iterator()Lcom/sparsity/sparksee/gdb/ObjectsIterator;+5
j  BebedoresYBebidas.main([Ljava/lang/String;)V+4220
v  ~StubRoutines::call_stub
V  [libjvm.so+0x66287b]
V  [libjvm.so+0x68452e]
V  [libjvm.so+0x686e5f]
C  [libjli.so+0x3552]
C  [libjli.so+0x73dd]
C  [libpthread.so.0+0x76ba]  start_thread+0xca

Java frames: (J=compiled Java code, j=interpreted, Vv=VM code)
j  com.sparsity.sparkseejavawrapJNI.sparksee_gdb_Objects_iterator(JLcom/sparsity/sparksee/gdb/Objects;)J+0
j  com.sparsity.sparksee.gdb.Objects.iterator()Lcom/sparsity/sparksee/gdb/ObjectsIterator;+5
j  BebedoresYBebidas.main([Ljava/lang/String;)V+4220
v  ~StubRoutines::call_stub

---------------  P R O C E S S  ---------------

Java Threads: ( => current thread )
  0x00007fd6e40b9800 JavaThread "Service Thread" daemon [_thread_blocked, id=1704, stack(0x00007fd6cd254000,0x00007fd6cd355000)]
  0x00007fd6e40b2000 JavaThread "C1 CompilerThread2" daemon [_thread_blocked, id=1703, stack(0x00007fd6cd355000,0x00007fd6cd456000)]
  0x00007fd6e40b0800 JavaThread "C2 CompilerThread1" daemon [_thread_blocked, id=1702, stack(0x00007fd6cd456000,0x00007fd6cd557000)]
  0x00007fd6e40ad800 JavaThread "C2 CompilerThread0" daemon [_thread_blocked, id=1701, stack(0x00007fd6cd557000,0x00007fd6cd658000)]
  0x00007fd6e40ab800 JavaThread "Signal Dispatcher" daemon [_thread_blocked, id=1700, stack(0x00007fd6cd658000,0x00007fd6cd759000)]
  0x00007fd6e4083800 JavaThread "Finalizer" daemon [_thread_blocked, id=1699, stack(0x00007fd6cdb62000,0x00007fd6cdc63000)]
  0x00007fd6e407e800 JavaThread "Reference Handler" daemon [_thread_blocked, id=1698, stack(0x00007fd6cdc63000,0x00007fd6cdd64000)]
=>0x00007fd6e4009800 JavaThread "main" [_thread_in_native, id=1692, stack(0x00007fd6ec02b000,0x00007fd6ec12c000)]

Other Threads:
  0x00007fd6e4077000 VMThread [stack: 0x00007fd6cdd64000,0x00007fd6cde65000] [id=1697]
  0x00007fd6e40bc000 WatcherThread [stack: 0x00007fd6cd153000,0x00007fd6cd254000] [id=1705]

VM state:not at safepoint (normal execution)

VM Mutex/Monitor currently owned by a thread: None

Heap:
 PSYoungGen      total 13824K, used 1873K [0x00000000f0f80000, 0x00000000f1e80000, 0x0000000100000000)
  eden space 12288K, 15% used [0x00000000f0f80000,0x00000000f1154580,0x00000000f1b80000)
  from space 1536K, 0% used [0x00000000f1d00000,0x00000000f1d00000,0x00000000f1e80000)
  to   space 1536K, 0% used [0x00000000f1b80000,0x00000000f1b80000,0x00000000f1d00000)
 ParOldGen       total 31744K, used 0K [0x00000000d2e00000, 0x00000000d4d00000, 0x00000000f0f80000)
  object space 31744K, 0% used [0x00000000d2e00000,0x00000000d2e00000,0x00000000d4d00000)
 Metaspace       used 3518K, capacity 4780K, committed 5120K, reserved 1056768K
  class space    used 364K, capacity 424K, committed 512K, reserved 1048576K

Card table byte_map: [0x00007fd6e8585000,0x00007fd6e86ef000] byte_map_base: 0x00007fd6e7eee000

Marking Bits: (ParMarkBitMap*) 0x00007fd6eb3022c0
 Begin Bits: [0x00007fd6ce970000, 0x00007fd6cf4b8000)
 End Bits:   [0x00007fd6cf4b8000, 0x00007fd6d0000000)

Polling page: 0x00007fd6ec155000

CodeCache: size=245760Kb used=1294Kb max_used=1294Kb free=244465Kb
 bounds [0x00007fd6d5000000, 0x00007fd6d5270000, 0x00007fd6e4000000]
 total_blobs=392 nmethods=96 adapters=211
 compilation: enabled

Compilation events (10 events):
Event: 0,590 Thread 0x00007fd6e40b2000   91       3       java.util.concurrent.ConcurrentHashMap::setTabAt (19 bytes)
Event: 0,590 Thread 0x00007fd6e40b2000 nmethod 91 0x00007fd6d5141e10 code [0x00007fd6d5141f60, 0x00007fd6d51420d0]
Event: 0,592 Thread 0x00007fd6e40b2000   93       1       java.nio.Buffer::position (5 bytes)
Event: 0,592 Thread 0x00007fd6e40b2000 nmethod 93 0x00007fd6d5142150 code [0x00007fd6d51422a0, 0x00007fd6d51423b0]
Event: 0,593 Thread 0x00007fd6e40b2000   94       1       java.nio.Buffer::limit (5 bytes)
Event: 0,593 Thread 0x00007fd6e40b2000 nmethod 94 0x00007fd6d5142410 code [0x00007fd6d5142560, 0x00007fd6d5142670]
Event: 0,593 Thread 0x00007fd6e40b2000   95       3       java.lang.Number::<init> (5 bytes)
Event: 0,593 Thread 0x00007fd6e40b2000 nmethod 95 0x00007fd6d51426d0 code [0x00007fd6d5142840, 0x00007fd6d51429f0]
Event: 0,593 Thread 0x00007fd6e40b2000   96       3       java.lang.Long::<init> (10 bytes)
Event: 0,593 Thread 0x00007fd6e40b2000 nmethod 96 0x00007fd6d5142a90 code [0x00007fd6d5142c00, 0x00007fd6d5142e10]

GC Heap History (0 events):
No events

Deoptimization events (0 events):
No events

Internal exceptions (8 events):
Event: 0,049 Thread 0x00007fd6e4009800 Exception <a 'java/lang/NoSuchMethodError': Method sun.misc.Unsafe.defineClass(Ljava/lang/String;[BII)Ljava/lang/Class; name or signature does not match> (0x00000000f0f87ca8) thrown at [/build/openjdk-8-W2Qe27/openjdk-8-8u151-b12/src/hotspot/src/share/vm/
Event: 0,049 Thread 0x00007fd6e4009800 Exception <a 'java/lang/NoSuchMethodError': Method sun.misc.Unsafe.prefetchRead(Ljava/lang/Object;J)V name or signature does not match> (0x00000000f0f87f90) thrown at [/build/openjdk-8-W2Qe27/openjdk-8-8u151-b12/src/hotspot/src/share/vm/prims/jni.cpp, lin
Event: 0,255 Thread 0x00007fd6e4009800 Exception <a 'java/security/PrivilegedActionException'> (0x00000000f10bc710) thrown at [/build/openjdk-8-W2Qe27/openjdk-8-8u151-b12/src/hotspot/src/share/vm/prims/jvm.cpp, line 1390]
Event: 0,255 Thread 0x00007fd6e4009800 Exception <a 'java/security/PrivilegedActionException'> (0x00000000f10bc920) thrown at [/build/openjdk-8-W2Qe27/openjdk-8-8u151-b12/src/hotspot/src/share/vm/prims/jvm.cpp, line 1390]
Event: 0,256 Thread 0x00007fd6e4009800 Exception <a 'java/security/PrivilegedActionException'> (0x00000000f10be9a8) thrown at [/build/openjdk-8-W2Qe27/openjdk-8-8u151-b12/src/hotspot/src/share/vm/prims/jvm.cpp, line 1390]
Event: 0,256 Thread 0x00007fd6e4009800 Exception <a 'java/security/PrivilegedActionException'> (0x00000000f10bebb8) thrown at [/build/openjdk-8-W2Qe27/openjdk-8-8u151-b12/src/hotspot/src/share/vm/prims/jvm.cpp, line 1390]
Event: 0,256 Thread 0x00007fd6e4009800 Exception <a 'java/security/PrivilegedActionException'> (0x00000000f10bf690) thrown at [/build/openjdk-8-W2Qe27/openjdk-8-8u151-b12/src/hotspot/src/share/vm/prims/jvm.cpp, line 1390]
Event: 0,256 Thread 0x00007fd6e4009800 Exception <a 'java/security/PrivilegedActionException'> (0x00000000f10bf8a0) thrown at [/build/openjdk-8-W2Qe27/openjdk-8-8u151-b12/src/hotspot/src/share/vm/prims/jvm.cpp, line 1390]

Events (10 events):
Event: 0,596 loading class java/util/Formatter$FixedString
Event: 0,596 loading class java/util/Formatter$FormatString
Event: 0,596 loading class java/util/Formatter$FormatString done
Event: 0,596 loading class java/util/Formatter$FixedString done
Event: 0,596 loading class java/util/Formatter$FormatSpecifier
Event: 0,596 loading class java/util/Formatter$FormatSpecifier done
Event: 0,596 loading class java/util/Formatter$Flags
Event: 0,596 loading class java/util/Formatter$Flags done
Event: 0,596 loading class java/util/Formatter$Conversion
Event: 0,596 loading class java/util/Formatter$Conversion done


Dynamic libraries:
00400000-00401000 r-xp 00000000 08:07 1580105                            /usr/lib/jvm/java-8-openjdk-amd64/jre/bin/java
00600000-00601000 r--p 00000000 08:07 1580105                            /usr/lib/jvm/java-8-openjdk-amd64/jre/bin/java
00601000-00602000 rw-p 00001000 08:07 1580105                            /usr/lib/jvm/java-8-openjdk-amd64/jre/bin/java
01ee2000-01f03000 rw-p 00000000 00:00 0                                  [heap]
d2e00000-d4d00000 rw-p 00000000 00:00 0 
d4d00000-f0f80000 ---p 00000000 00:00 0 
f0f80000-f1e80000 rw-p 00000000 00:00 0 
f1e80000-100000000 ---p 00000000 00:00 0 
100000000-100080000 rw-p 00000000 00:00 0 
100080000-140000000 ---p 00000000 00:00 0 
7fd69b7ff000-7fd69b800000 ---p 00000000 00:00 0 
7fd69b800000-7fd69c000000 rw-p 00000000 00:00 0 
7fd69c000000-7fd69c021000 rw-p 00000000 00:00 0 
7fd69c021000-7fd6a0000000 ---p 00000000 00:00 0 
7fd6a0000000-7fd6a0021000 rw-p 00000000 00:00 0 
7fd6a0021000-7fd6a4000000 ---p 00000000 00:00 0 
7fd6a4000000-7fd6a4021000 rw-p 00000000 00:00 0 
7fd6a4021000-7fd6a8000000 ---p 00000000 00:00 0 
7fd6a8000000-7fd6a8136000 rw-p 00000000 00:00 0 
7fd6a8136000-7fd6ac000000 ---p 00000000 00:00 0 
7fd6ac000000-7fd6ac021000 rw-p 00000000 00:00 0 
7fd6ac021000-7fd6b0000000 ---p 00000000 00:00 0 
7fd6b0000000-7fd6b00be000 rw-p 00000000 00:00 0 
7fd6b00be000-7fd6b4000000 ---p 00000000 00:00 0 
7fd6b4000000-7fd6b4021000 rw-p 00000000 00:00 0 
7fd6b4021000-7fd6b8000000 ---p 00000000 00:00 0 
7fd6b8000000-7fd6b8021000 rw-p 00000000 00:00 0 
7fd6b8021000-7fd6bc000000 ---p 00000000 00:00 0 
7fd6bc000000-7fd6bc021000 rw-p 00000000 00:00 0 
7fd6bc021000-7fd6c0000000 ---p 00000000 00:00 0 
7fd6c0000000-7fd6c0021000 rw-p 00000000 00:00 0 
7fd6c0021000-7fd6c4000000 ---p 00000000 00:00 0 
7fd6c4000000-7fd6c4021000 rw-p 00000000 00:00 0 
7fd6c4021000-7fd6c8000000 ---p 00000000 00:00 0 
7fd6c8000000-7fd6c8021000 rw-p 00000000 00:00 0 
7fd6c8021000-7fd6cc000000 ---p 00000000 00:00 0 
7fd6cc333000-7fd6cc435000 rw-p 00000000 00:00 0 
7fd6cc435000-7fd6cc4e4000 r-xp 00000000 08:07 1325195                    /tmp/.sparkseejava7689890984284145305.LibsDir/libsparkseejavawrap.so (deleted)
7fd6cc4e4000-7fd6cc6e4000 ---p 000af000 08:07 1325195                    /tmp/.sparkseejava7689890984284145305.LibsDir/libsparkseejavawrap.so (deleted)
7fd6cc6e4000-7fd6cc6e6000 rw-p 000af000 08:07 1325195                    /tmp/.sparkseejava7689890984284145305.LibsDir/libsparkseejavawrap.so (deleted)
7fd6cc6e6000-7fd6cc6ea000 r-xp 00000000 08:07 655531                     /lib/x86_64-linux-gnu/libuuid.so.1.3.0
7fd6cc6ea000-7fd6cc8e9000 ---p 00004000 08:07 655531                     /lib/x86_64-linux-gnu/libuuid.so.1.3.0
7fd6cc8e9000-7fd6cc8ea000 r--p 00003000 08:07 655531                     /lib/x86_64-linux-gnu/libuuid.so.1.3.0
7fd6cc8ea000-7fd6cc8eb000 rw-p 00004000 08:07 655531                     /lib/x86_64-linux-gnu/libuuid.so.1.3.0
7fd6cc909000-7fd6cc910000 r--s 00000000 08:07 1577502                    /usr/lib/x86_64-linux-gnu/gconv/gconv-modules.cache
7fd6cc910000-7fd6ccc80000 r-xp 00000000 08:07 1325194                    /tmp/.sparkseejava7689890984284145305.LibsDir/libsparksee.so (deleted)
7fd6ccc80000-7fd6cce80000 ---p 00370000 08:07 1325194                    /tmp/.sparkseejava7689890984284145305.LibsDir/libsparksee.so (deleted)
7fd6cce80000-7fd6cce97000 rw-p 00370000 08:07 1325194                    /tmp/.sparkseejava7689890984284145305.LibsDir/libsparksee.so (deleted)
7fd6cce97000-7fd6cce9a000 rw-p 00000000 00:00 0 
7fd6cce9a000-7fd6ccf2e000 r-xp 00000000 08:07 1325167                    /tmp/.sparkseejava7689890984284145305.LibsDir/libstlport.so (deleted)
7fd6ccf2e000-7fd6cd12d000 ---p 00094000 08:07 1325167                    /tmp/.sparkseejava7689890984284145305.LibsDir/libstlport.so (deleted)
7fd6cd12d000-7fd6cd132000 rw-p 00093000 08:07 1325167                    /tmp/.sparkseejava7689890984284145305.LibsDir/libstlport.so (deleted)
7fd6cd132000-7fd6cd133000 rw-p 00000000 00:00 0 
7fd6cd133000-7fd6cd138000 r--s 0009a000 08:07 1199780                    /usr/lib/jvm/java-8-openjdk-amd64/jre/lib/jsse.jar
7fd6cd138000-7fd6cd153000 r--s 00394000 08:07 1199729                    /usr/lib/jvm/java-8-openjdk-amd64/jre/lib/ext/cldrdata.jar
7fd6cd153000-7fd6cd154000 ---p 00000000 00:00 0 
7fd6cd154000-7fd6cd254000 rw-p 00000000 00:00 0 
7fd6cd254000-7fd6cd257000 ---p 00000000 00:00 0 
7fd6cd257000-7fd6cd355000 rw-p 00000000 00:00 0 
7fd6cd355000-7fd6cd358000 ---p 00000000 00:00 0 
7fd6cd358000-7fd6cd456000 rw-p 00000000 00:00 0 
7fd6cd456000-7fd6cd459000 ---p 00000000 00:00 0 
7fd6cd459000-7fd6cd557000 rw-p 00000000 00:00 0 
7fd6cd557000-7fd6cd55a000 ---p 00000000 00:00 0 
7fd6cd55a000-7fd6cd658000 rw-p 00000000 00:00 0 
7fd6cd658000-7fd6cd65b000 ---p 00000000 00:00 0 
7fd6cd65b000-7fd6cd759000 rw-p 00000000 00:00 0 
7fd6cd759000-7fd6cdb62000 r--p 00000000 08:07 1182656                    /usr/lib/locale/locale-archive
7fd6cdb62000-7fd6cdb65000 ---p 00000000 00:00 0 
7fd6cdb65000-7fd6cdc63000 rw-p 00000000 00:00 0 
7fd6cdc63000-7fd6cdc66000 ---p 00000000 00:00 0 
7fd6cdc66000-7fd6cdd64000 rw-p 00000000 00:00 0 
7fd6cdd64000-7fd6cdd65000 ---p 00000000 00:00 0 
7fd6cdd65000-7fd6d0000000 rw-p 00000000 00:00 0 
7fd6d0000000-7fd6d0021000 rw-p 00000000 00:00 0 
7fd6d0021000-7fd6d4000000 ---p 00000000 00:00 0 
7fd6d4004000-7fd6d401f000 r--s 001d6000 08:07 1199732                    /usr/lib/jvm/java-8-openjdk-amd64/jre/lib/ext/nashorn.jar
7fd6d401f000-7fd6d44c8000 rw-p 00000000 00:00 0 
7fd6d44c8000-7fd6d4697000 r--s 03c21000 08:07 1196416                    /usr/lib/jvm/java-8-openjdk-amd64/jre/lib/rt.jar
7fd6d4697000-7fd6d4b17000 rw-p 00000000 00:00 0 
7fd6d4b17000-7fd6d4e97000 ---p 00000000 00:00 0 
7fd6d4e97000-7fd6d5000000 rw-p 00000000 00:00 0 
7fd6d5000000-7fd6d5270000 rwxp 00000000 00:00 0 
7fd6d5270000-7fd6e4000000 ---p 00000000 00:00 0 
7fd6e4000000-7fd6e4248000 rw-p 00000000 00:00 0 
7fd6e4248000-7fd6e8000000 ---p 00000000 00:00 0 
7fd6e8002000-7fd6e8006000 r--s 00761000 08:07 6688567                    /home/virginia/Git/bases2/Parte Sparksee/sparkseejava.jar
7fd6e8006000-7fd6e800c000 r--s 0003a000 08:07 1199733                    /usr/lib/jvm/java-8-openjdk-amd64/jre/lib/ext/sunjce_provider.jar
7fd6e800c000-7fd6e8010000 r--s 00037000 08:07 1199736                    /usr/lib/jvm/java-8-openjdk-amd64/jre/lib/ext/sunpkcs11.jar
7fd6e8010000-7fd6e801a000 r--s 00116000 08:07 1199735                    /usr/lib/jvm/java-8-openjdk-amd64/jre/lib/ext/localedata.jar
7fd6e801a000-7fd6e8090000 rw-p 00000000 00:00 0 
7fd6e8090000-7fd6e8091000 ---p 00000000 00:00 0 
7fd6e8091000-7fd6e8191000 rw-p 00000000 00:00 0 
7fd6e8191000-7fd6e8192000 ---p 00000000 00:00 0 
7fd6e8192000-7fd6e8292000 rw-p 00000000 00:00 0 
7fd6e8292000-7fd6e8293000 ---p 00000000 00:00 0 
7fd6e8293000-7fd6e8393000 rw-p 00000000 00:00 0 
7fd6e8393000-7fd6e8394000 ---p 00000000 00:00 0 
7fd6e8394000-7fd6e84a4000 rw-p 00000000 00:00 0 
7fd6e84a4000-7fd6e8585000 ---p 00000000 00:00 0 
7fd6e8585000-7fd6e8595000 rw-p 00000000 00:00 0 
7fd6e8595000-7fd6e8675000 ---p 00000000 00:00 0 
7fd6e8675000-7fd6e867e000 rw-p 00000000 00:00 0 
7fd6e867e000-7fd6e86ee000 ---p 00000000 00:00 0 
7fd6e86ee000-7fd6e86f9000 rw-p 00000000 00:00 0 
7fd6e86f9000-7fd6e8aaf000 ---p 00000000 00:00 0 
7fd6e8aaf000-7fd6e8ab7000 r-xp 00000000 08:07 1199764                    /usr/lib/jvm/java-8-openjdk-amd64/jre/lib/amd64/libzip.so
7fd6e8ab7000-7fd6e8cb6000 ---p 00008000 08:07 1199764                    /usr/lib/jvm/java-8-openjdk-amd64/jre/lib/amd64/libzip.so
7fd6e8cb6000-7fd6e8cb7000 r--p 00007000 08:07 1199764                    /usr/lib/jvm/java-8-openjdk-amd64/jre/lib/amd64/libzip.so
7fd6e8cb7000-7fd6e8cb8000 rw-p 00008000 08:07 1199764                    /usr/lib/jvm/java-8-openjdk-amd64/jre/lib/amd64/libzip.so
7fd6e8cb8000-7fd6e8cc3000 r-xp 00000000 08:07 656737                     /lib/x86_64-linux-gnu/libnss_files-2.23.so
7fd6e8cc3000-7fd6e8ec2000 ---p 0000b000 08:07 656737                     /lib/x86_64-linux-gnu/libnss_files-2.23.so
7fd6e8ec2000-7fd6e8ec3000 r--p 0000a000 08:07 656737                     /lib/x86_64-linux-gnu/libnss_files-2.23.so
7fd6e8ec3000-7fd6e8ec4000 rw-p 0000b000 08:07 656737                     /lib/x86_64-linux-gnu/libnss_files-2.23.so
7fd6e8ec4000-7fd6e8eca000 rw-p 00000000 00:00 0 
7fd6e8eca000-7fd6e8ed5000 r-xp 00000000 08:07 656749                     /lib/x86_64-linux-gnu/libnss_nis-2.23.so
7fd6e8ed5000-7fd6e90d4000 ---p 0000b000 08:07 656749                     /lib/x86_64-linux-gnu/libnss_nis-2.23.so
7fd6e90d4000-7fd6e90d5000 r--p 0000a000 08:07 656749                     /lib/x86_64-linux-gnu/libnss_nis-2.23.so
7fd6e90d5000-7fd6e90d6000 rw-p 0000b000 08:07 656749                     /lib/x86_64-linux-gnu/libnss_nis-2.23.so
7fd6e90d6000-7fd6e90ec000 r-xp 00000000 08:07 655365                     /lib/x86_64-linux-gnu/libnsl-2.23.so
7fd6e90ec000-7fd6e92eb000 ---p 00016000 08:07 655365                     /lib/x86_64-linux-gnu/libnsl-2.23.so
7fd6e92eb000-7fd6e92ec000 r--p 00015000 08:07 655365                     /lib/x86_64-linux-gnu/libnsl-2.23.so
7fd6e92ec000-7fd6e92ed000 rw-p 00016000 08:07 655365                     /lib/x86_64-linux-gnu/libnsl-2.23.so
7fd6e92ed000-7fd6e92ef000 rw-p 00000000 00:00 0 
7fd6e92ef000-7fd6e92f7000 r-xp 00000000 08:07 656763                     /lib/x86_64-linux-gnu/libnss_compat-2.23.so
7fd6e92f7000-7fd6e94f6000 ---p 00008000 08:07 656763                     /lib/x86_64-linux-gnu/libnss_compat-2.23.so
7fd6e94f6000-7fd6e94f7000 r--p 00007000 08:07 656763                     /lib/x86_64-linux-gnu/libnss_compat-2.23.so
7fd6e94f7000-7fd6e94f8000 rw-p 00008000 08:07 656763                     /lib/x86_64-linux-gnu/libnss_compat-2.23.so
7fd6e94f8000-7fd6e9525000 r-xp 00000000 08:07 1199749                    /usr/lib/jvm/java-8-openjdk-amd64/jre/lib/amd64/libjava.so
7fd6e9525000-7fd6e9724000 ---p 0002d000 08:07 1199749                    /usr/lib/jvm/java-8-openjdk-amd64/jre/lib/amd64/libjava.so
7fd6e9724000-7fd6e9725000 r--p 0002c000 08:07 1199749                    /usr/lib/jvm/java-8-openjdk-amd64/jre/lib/amd64/libjava.so
7fd6e9725000-7fd6e9727000 rw-p 0002d000 08:07 1199749                    /usr/lib/jvm/java-8-openjdk-amd64/jre/lib/amd64/libjava.so
7fd6e9727000-7fd6e9736000 r-xp 00000000 08:07 1199761                    /usr/lib/jvm/java-8-openjdk-amd64/jre/lib/amd64/libverify.so
7fd6e9736000-7fd6e9935000 ---p 0000f000 08:07 1199761                    /usr/lib/jvm/java-8-openjdk-amd64/jre/lib/amd64/libverify.so
7fd6e9935000-7fd6e9937000 r--p 0000e000 08:07 1199761                    /usr/lib/jvm/java-8-openjdk-amd64/jre/lib/amd64/libverify.so
7fd6e9937000-7fd6e9938000 rw-p 00010000 08:07 1199761                    /usr/lib/jvm/java-8-openjdk-amd64/jre/lib/amd64/libverify.so
7fd6e9938000-7fd6e993f000 r-xp 00000000 08:07 656756                     /lib/x86_64-linux-gnu/librt-2.23.so
7fd6e993f000-7fd6e9b3e000 ---p 00007000 08:07 656756                     /lib/x86_64-linux-gnu/librt-2.23.so
7fd6e9b3e000-7fd6e9b3f000 r--p 00006000 08:07 656756                     /lib/x86_64-linux-gnu/librt-2.23.so
7fd6e9b3f000-7fd6e9b40000 rw-p 00007000 08:07 656756                     /lib/x86_64-linux-gnu/librt-2.23.so
7fd6e9b40000-7fd6e9b56000 r-xp 00000000 08:07 659527                     /lib/x86_64-linux-gnu/libgcc_s.so.1
7fd6e9b56000-7fd6e9d55000 ---p 00016000 08:07 659527                     /lib/x86_64-linux-gnu/libgcc_s.so.1
7fd6e9d55000-7fd6e9d56000 rw-p 00015000 08:07 659527                     /lib/x86_64-linux-gnu/libgcc_s.so.1
7fd6e9d56000-7fd6e9e5e000 r-xp 00000000 08:07 656773                     /lib/x86_64-linux-gnu/libm-2.23.so
7fd6e9e5e000-7fd6ea05d000 ---p 00108000 08:07 656773                     /lib/x86_64-linux-gnu/libm-2.23.so
7fd6ea05d000-7fd6ea05e000 r--p 00107000 08:07 656773                     /lib/x86_64-linux-gnu/libm-2.23.so
7fd6ea05e000-7fd6ea05f000 rw-p 00108000 08:07 656773                     /lib/x86_64-linux-gnu/libm-2.23.so
7fd6ea05f000-7fd6ea1d1000 r-xp 00000000 08:07 1181405                    /usr/lib/x86_64-linux-gnu/libstdc++.so.6.0.21
7fd6ea1d1000-7fd6ea3d1000 ---p 00172000 08:07 1181405                    /usr/lib/x86_64-linux-gnu/libstdc++.so.6.0.21
7fd6ea3d1000-7fd6ea3db000 r--p 00172000 08:07 1181405                    /usr/lib/x86_64-linux-gnu/libstdc++.so.6.0.21
7fd6ea3db000-7fd6ea3dd000 rw-p 0017c000 08:07 1181405                    /usr/lib/x86_64-linux-gnu/libstdc++.so.6.0.21
7fd6ea3dd000-7fd6ea3e1000 rw-p 00000000 00:00 0 
7fd6ea3e1000-7fd6eb033000 r-xp 00000000 08:07 1319999                    /usr/lib/jvm/java-8-openjdk-amd64/jre/lib/amd64/server/libjvm.so
7fd6eb033000-7fd6eb233000 ---p 00c52000 08:07 1319999                    /usr/lib/jvm/java-8-openjdk-amd64/jre/lib/amd64/server/libjvm.so
7fd6eb233000-7fd6eb2c6000 r--p 00c52000 08:07 1319999                    /usr/lib/jvm/java-8-openjdk-amd64/jre/lib/amd64/server/libjvm.so
7fd6eb2c6000-7fd6eb2ef000 rw-p 00ce5000 08:07 1319999                    /usr/lib/jvm/java-8-openjdk-amd64/jre/lib/amd64/server/libjvm.so
7fd6eb2ef000-7fd6eb31f000 rw-p 00000000 00:00 0 
7fd6eb31f000-7fd6eb337000 r-xp 00000000 08:07 656747                     /lib/x86_64-linux-gnu/libpthread-2.23.so
7fd6eb337000-7fd6eb536000 ---p 00018000 08:07 656747                     /lib/x86_64-linux-gnu/libpthread-2.23.so
7fd6eb536000-7fd6eb537000 r--p 00017000 08:07 656747                     /lib/x86_64-linux-gnu/libpthread-2.23.so
7fd6eb537000-7fd6eb538000 rw-p 00018000 08:07 656747                     /lib/x86_64-linux-gnu/libpthread-2.23.so
7fd6eb538000-7fd6eb53c000 rw-p 00000000 00:00 0 
7fd6eb53c000-7fd6eb53f000 r-xp 00000000 08:07 656761                     /lib/x86_64-linux-gnu/libdl-2.23.so
7fd6eb53f000-7fd6eb73e000 ---p 00003000 08:07 656761                     /lib/x86_64-linux-gnu/libdl-2.23.so
7fd6eb73e000-7fd6eb73f000 r--p 00002000 08:07 656761                     /lib/x86_64-linux-gnu/libdl-2.23.so
7fd6eb73f000-7fd6eb740000 rw-p 00003000 08:07 656761                     /lib/x86_64-linux-gnu/libdl-2.23.so
7fd6eb740000-7fd6eb759000 r-xp 00000000 08:07 656760                     /lib/x86_64-linux-gnu/libz.so.1.2.8
7fd6eb759000-7fd6eb958000 ---p 00019000 08:07 656760                     /lib/x86_64-linux-gnu/libz.so.1.2.8
7fd6eb958000-7fd6eb959000 r--p 00018000 08:07 656760                     /lib/x86_64-linux-gnu/libz.so.1.2.8
7fd6eb959000-7fd6eb95a000 rw-p 00019000 08:07 656760                     /lib/x86_64-linux-gnu/libz.so.1.2.8
7fd6eb95a000-7fd6ebb1a000 r-xp 00000000 08:07 656783                     /lib/x86_64-linux-gnu/libc-2.23.so
7fd6ebb1a000-7fd6ebd1a000 ---p 001c0000 08:07 656783                     /lib/x86_64-linux-gnu/libc-2.23.so
7fd6ebd1a000-7fd6ebd1e000 r--p 001c0000 08:07 656783                     /lib/x86_64-linux-gnu/libc-2.23.so
7fd6ebd1e000-7fd6ebd20000 rw-p 001c4000 08:07 656783                     /lib/x86_64-linux-gnu/libc-2.23.so
7fd6ebd20000-7fd6ebd24000 rw-p 00000000 00:00 0 
7fd6ebd24000-7fd6ebd31000 r-xp 00000000 08:07 1323918                    /usr/lib/jvm/java-8-openjdk-amd64/jre/lib/amd64/jli/libjli.so
7fd6ebd31000-7fd6ebf31000 ---p 0000d000 08:07 1323918                    /usr/lib/jvm/java-8-openjdk-amd64/jre/lib/amd64/jli/libjli.so
7fd6ebf31000-7fd6ebf32000 r--p 0000d000 08:07 1323918                    /usr/lib/jvm/java-8-openjdk-amd64/jre/lib/amd64/jli/libjli.so
7fd6ebf32000-7fd6ebf33000 rw-p 0000e000 08:07 1323918                    /usr/lib/jvm/java-8-openjdk-amd64/jre/lib/amd64/jli/libjli.so
7fd6ebf33000-7fd6ebf59000 r-xp 00000000 08:07 655398                     /lib/x86_64-linux-gnu/ld-2.23.so
7fd6ebf5a000-7fd6ec02b000 rw-p 00000000 00:00 0 
7fd6ec02b000-7fd6ec02e000 ---p 00000000 00:00 0 
7fd6ec02e000-7fd6ec131000 rw-p 00000000 00:00 0 
7fd6ec134000-7fd6ec137000 r--s 0000f000 08:07 1199727                    /usr/lib/jvm/java-8-openjdk-amd64/jre/lib/ext/icedtea-sound.jar
7fd6ec137000-7fd6ec138000 r--s 0000a000 08:07 1199737                    /usr/lib/jvm/java-8-openjdk-amd64/jre/lib/ext/jaccess.jar
7fd6ec138000-7fd6ec13a000 r--s 00008000 08:07 1199734                    /usr/lib/jvm/java-8-openjdk-amd64/jre/lib/ext/sunec.jar
7fd6ec13a000-7fd6ec13c000 r--s 00001000 08:07 1199738                    /usr/lib/jvm/java-8-openjdk-amd64/jre/lib/ext/dnsns.jar
7fd6ec13c000-7fd6ec13d000 r--s 00010000 08:07 1199731                    /usr/lib/jvm/java-8-openjdk-amd64/jre/lib/ext/zipfs.jar
7fd6ec13d000-7fd6ec14c000 rw-p 00000000 00:00 0 
7fd6ec14c000-7fd6ec154000 rw-s 00000000 08:07 1312349                    /tmp/hsperfdata_virginia/1691
7fd6ec154000-7fd6ec155000 rw-p 00000000 00:00 0 
7fd6ec155000-7fd6ec156000 r--p 00000000 00:00 0 
7fd6ec156000-7fd6ec158000 rw-p 00000000 00:00 0 
7fd6ec158000-7fd6ec159000 r--p 00025000 08:07 655398                     /lib/x86_64-linux-gnu/ld-2.23.so
7fd6ec159000-7fd6ec15a000 rw-p 00026000 08:07 655398                     /lib/x86_64-linux-gnu/ld-2.23.so
7fd6ec15a000-7fd6ec15b000 rw-p 00000000 00:00 0 
7fff29b55000-7fff29b76000 rw-p 00000000 00:00 0                          [stack]
7fff29bd4000-7fff29bd6000 r--p 00000000 00:00 0                          [vvar]
7fff29bd6000-7fff29bd8000 r-xp 00000000 00:00 0                          [vdso]
ffffffffff600000-ffffffffff601000 r-xp 00000000 00:00 0                  [vsyscall]

VM Arguments:
java_command: BebedoresYBebidas
java_class_path (initial): sparkseejava.jar:.
Launcher Type: SUN_STANDARD

Environment Variables:
JAVA_HOME=/usr/lib/jvm/java-8-openjdk-amd64/jre/bin/java
PATH=/home/virginia/.cabal/bin:/opt/cabal/1.22/bin:/opt/ghc/7.10.3/bin:/usr/local/sbin:/usr/local/bin:/usr/sbin:/usr/bin:/sbin:/bin:/usr/games:/usr/local/games:/snap/bin
SHELL=/bin/bash
DISPLAY=:0

Signal Handlers:
SIGSEGV: [libjvm.so+0xa69040], sa_mask[0]=11111111011111111101111111111110, sa_flags=SA_RESTART|SA_SIGINFO
SIGBUS: [libjvm.so+0xa69040], sa_mask[0]=11111111011111111101111111111110, sa_flags=none
SIGFPE: [libsparksee.so+0x156a70], sa_mask[0]=00000000000000000000000000000000, sa_flags=none
SIGPIPE: [libjvm.so+0x8b2170], sa_mask[0]=11111111011111111101111111111110, sa_flags=SA_RESTART|SA_SIGINFO
SIGXFSZ: [libjvm.so+0x8b2170], sa_mask[0]=11111111011111111101111111111110, sa_flags=SA_RESTART|SA_SIGINFO
SIGILL: [libsparksee.so+0x156a70], sa_mask[0]=00000000000000000000000000000000, sa_flags=none
SIGUSR1: SIG_DFL, sa_mask[0]=00000000000000000000000000000000, sa_flags=none
SIGUSR2: [libjvm.so+0x8b2020], sa_mask[0]=00000000000000000000000000000000, sa_flags=SA_RESTART|SA_SIGINFO
SIGHUP: [libjvm.so+0x8b24f0], sa_mask[0]=11111111011111111101111111111110, sa_flags=SA_RESTART|SA_SIGINFO
SIGINT: [libjvm.so+0x8b24f0], sa_mask[0]=11111111011111111101111111111110, sa_flags=SA_RESTART|SA_SIGINFO
SIGTERM: [libjvm.so+0x8b24f0], sa_mask[0]=11111111011111111101111111111110, sa_flags=SA_RESTART|SA_SIGINFO
SIGQUIT: [libjvm.so+0x8b24f0], sa_mask[0]=11111111011111111101111111111110, sa_flags=SA_RESTART|SA_SIGINFO


---------------  S Y S T E M  ---------------

OS:DISTRIB_ID=Ubuntu
DISTRIB_RELEASE=16.04
DISTRIB_CODENAME=xenial
DISTRIB_DESCRIPTION="Ubuntu 16.04.3 LTS"

uname:Linux 4.4.0-101-generic #124-Ubuntu SMP Fri Nov 10 18:29:59 UTC 2017 x86_64
libc:glibc 2.23 NPTL 2.23 
rlimit: STACK 8192k, CORE 0k, NPROC 11379, NOFILE 1048576, AS infinity
load average:0,77 0,86 0,87

/proc/meminfo:
MemTotal:        2953868 kB
MemFree:          152688 kB
MemAvailable:     157264 kB
Buffers:           17548 kB
Cached:           403484 kB
SwapCached:        90112 kB
Active:          2056568 kB
Inactive:         526976 kB
Active(anon):    1922220 kB
Inactive(anon):   475896 kB
Active(file):     134348 kB
Inactive(file):    51080 kB
Unevictable:         216 kB
Mlocked:             216 kB
SwapTotal:       3086332 kB
SwapFree:        1430592 kB
Dirty:              1972 kB
Writeback:             0 kB
AnonPages:       2090176 kB
Mapped:           253020 kB
Shmem:            235660 kB
Slab:              81876 kB
SReclaimable:      32612 kB
SUnreclaim:        49264 kB
KernelStack:       13824 kB
PageTables:        68184 kB
NFS_Unstable:          0 kB
Bounce:                0 kB
WritebackTmp:          0 kB
CommitLimit:     4563264 kB
Committed_AS:   11715172 kB
VmallocTotal:   34359738367 kB
VmallocUsed:           0 kB
VmallocChunk:          0 kB
HardwareCorrupted:     0 kB
AnonHugePages:    444416 kB
CmaTotal:              0 kB
CmaFree:               0 kB
HugePages_Total:       0
HugePages_Free:        0
HugePages_Rsvd:        0
HugePages_Surp:        0
Hugepagesize:       2048 kB
DirectMap4k:      217344 kB
DirectMap2M:     2871296 kB


CPU:total 4 (initial active 4) (2 cores per cpu, 2 threads per core) family 6 model 42 stepping 7, cmov, cx8, fxsr, mmx, sse, sse2, sse3, ssse3, sse4.1, sse4.2, popcnt, avx, clmul, ht, tsc, tscinvbit

/proc/cpuinfo:
processor	: 0
vendor_id	: GenuineIntel
cpu family	: 6
model		: 42
model name	: Intel(R) Core(TM) i5-2410M CPU @ 2.30GHz
stepping	: 7
microcode	: 0x17
cpu MHz		: 2605.648
cache size	: 3072 KB
physical id	: 0
siblings	: 4
core id		: 0
cpu cores	: 2
apicid		: 0
initial apicid	: 0
fpu		: yes
fpu_exception	: yes
cpuid level	: 13
wp		: yes
flags		: fpu vme de pse tsc msr pae mce cx8 apic sep mtrr pge mca cmov pat pse36 clflush dts acpi mmx fxsr sse sse2 ss ht tm pbe syscall nx rdtscp lm constant_tsc arch_perfmon pebs bts rep_good nopl xtopology nonstop_tsc aperfmperf eagerfpu pni pclmulqdq dtes64 monitor ds_cpl vmx est tm2 ssse3 cx16 xtpr pdcm pcid sse4_1 sse4_2 x2apic popcnt tsc_deadline_timer xsave avx lahf_lm epb tpr_shadow vnmi flexpriority ept vpid xsaveopt dtherm ida arat pln pts
bugs		:
bogomips	: 4589.72
clflush size	: 64
cache_alignment	: 64
address sizes	: 36 bits physical, 48 bits virtual
power management:

processor	: 1
vendor_id	: GenuineIntel
cpu family	: 6
model		: 42
model name	: Intel(R) Core(TM) i5-2410M CPU @ 2.30GHz
stepping	: 7
microcode	: 0x17
cpu MHz		: 2522.632
cache size	: 3072 KB
physical id	: 0
siblings	: 4
core id		: 0
cpu cores	: 2
apicid		: 1
initial apicid	: 1
fpu		: yes
fpu_exception	: yes
cpuid level	: 13
wp		: yes
flags		: fpu vme de pse tsc msr pae mce cx8 apic sep mtrr pge mca cmov pat pse36 clflush dts acpi mmx fxsr sse sse2 ss ht tm pbe syscall nx rdtscp lm constant_tsc arch_perfmon pebs bts rep_good nopl xtopology nonstop_tsc aperfmperf eagerfpu pni pclmulqdq dtes64 monitor ds_cpl vmx est tm2 ssse3 cx16 xtpr pdcm pcid sse4_1 sse4_2 x2apic popcnt tsc_deadline_timer xsave avx lahf_lm epb tpr_shadow vnmi flexpriority ept vpid xsaveopt dtherm ida arat pln pts
bugs		:
bogomips	: 4589.72
clflush size	: 64
cache_alignment	: 64
address sizes	: 36 bits physical, 48 bits virtual
power management:

processor	: 2
vendor_id	: GenuineIntel
cpu family	: 6
model		: 42
model name	: Intel(R) Core(TM) i5-2410M CPU @ 2.30GHz
stepping	: 7
microcode	: 0x17
cpu MHz		: 2629.726
cache size	: 3072 KB
physical id	: 0
siblings	: 4
core id		: 1
cpu cores	: 2
apicid		: 2
initial apicid	: 2
fpu		: yes
fpu_exception	: yes
cpuid level	: 13
wp		: yes
flags		: fpu vme de pse tsc msr pae mce cx8 apic sep mtrr pge mca cmov pat pse36 clflush dts acpi mmx fxsr sse sse2 ss ht tm pbe syscall nx rdtscp lm constant_tsc arch_perfmon pebs bts rep_good nopl xtopology nonstop_tsc aperfmperf eagerfpu pni pclmulqdq dtes64 monitor ds_cpl vmx est tm2 ssse3 cx16 xtpr pdcm pcid sse4_1 sse4_2 x2apic popcnt tsc_deadline_timer xsave avx lahf_lm epb tpr_shadow vnmi flexpriority ept vpid xsaveopt dtherm ida arat pln pts
bugs		:
bogomips	: 4589.72
clflush size	: 64
cache_alignment	: 64
address sizes	: 36 bits physical, 48 bits virtual
power management:

processor	: 3
vendor_id	: GenuineIntel
cpu family	: 6
model		: 42
model name	: Intel(R) Core(TM) i5-2410M CPU @ 2.30GHz
stepping	: 7
microcode	: 0x17
cpu MHz		: 2657.578
cache size	: 3072 KB
physical id	: 0
siblings	: 4
core id		: 1
cpu cores	: 2
apicid		: 3
initial apicid	: 3
fpu		: yes
fpu_exception	: yes
cpuid level	: 13
wp		: yes
flags		: fpu vme de pse tsc msr pae mce cx8 apic sep mtrr pge mca cmov pat pse36 clflush dts acpi mmx fxsr sse sse2 ss ht tm pbe syscall nx rdtscp lm constant_tsc arch_perfmon pebs bts rep_good nopl xtopology nonstop_tsc aperfmperf eagerfpu pni pclmulqdq dtes64 monitor ds_cpl vmx est tm2 ssse3 cx16 xtpr pdcm pcid sse4_1 sse4_2 x2apic popcnt tsc_deadline_timer xsave avx lahf_lm epb tpr_shadow vnmi flexpriority ept vpid xsaveopt dtherm ida arat pln pts
bugs		:
bogomips	: 4589.72
clflush size	: 64
cache_alignment	: 64
address sizes	: 36 bits physical, 48 bits virtual
power management:



Memory: 4k page, physical 2953868k(152688k free), swap 3086332k(1430592k free)

vm_info: OpenJDK 64-Bit Server VM (25.151-b12) for linux-amd64 JRE (1.8.0_151-8u151-b12-0ubuntu0.16.04.2-b12), built on Oct 27 2017 21:59:02 by "buildd" with gcc 5.4.0 20160609

time: Sat Nov 25 23:37:48 2017
elapsed time: 0 seconds (0d 0h 0m 0s)

